<?xml version="1.0" encoding="UTF-8"?>
<!-- Generated by org.testng.reporters.JUnitXMLReporter -->
<testsuite hostname="Samis-MacBook-Pro.local" name="Regres" tests="3" failures="3" timestamp="4 May 2019 18:16:07 GMT" time="0.727" errors="0">
  <testcase name="feature" time="0.251" classname="Runners.RegresRunner">
    <failure type="java.lang.NullPointerException">
      <![CDATA[java.lang.NullPointerException
	at com.cucumber.listener.ExtentCucumberFormatter.match(ExtentCucumberFormatter.java:228)
	at cucumber.runtime.Utils$1.call(Utils.java:40)
	at cucumber.runtime.Timeout.timeout(Timeout.java:16)
	at cucumber.runtime.Utils.invoke(Utils.java:34)
	at cucumber.runtime.RuntimeOptions$1.invoke(RuntimeOptions.java:294)
	at com.sun.proxy.$Proxy9.match(Unknown Source)
	at cucumber.api.testng.FeatureResultListener.match(FeatureResultListener.java:40)
	at cucumber.runtime.Runtime.runStep(Runtime.java:281)
	at cucumber.runtime.model.StepContainer.runStep(StepContainer.java:44)
	at cucumber.runtime.model.StepContainer.runSteps(StepContainer.java:39)
	at cucumber.runtime.model.CucumberScenario.run(CucumberScenario.java:44)
	at cucumber.runtime.model.CucumberFeature.run(CucumberFeature.java:165)
	at cucumber.api.testng.TestNGCucumberRunner.runCucumber(TestNGCucumberRunner.java:63)
	at cucumber.api.testng.AbstractTestNGCucumberTests.feature(AbstractTestNGCucumberTests.java:21)
... Removed 28 stack frames]]>
    </failure>
  </testcase> <!-- feature -->
  <testcase name="feature" time="0.004" classname="Runners.RegresRunner">
    <failure type="java.lang.IllegalArgumentException" message="nodeName cannot be null or empty">
      <![CDATA[java.lang.IllegalArgumentException: nodeName cannot be null or empty
	at com.aventstack.extentreports.ExtentTest.createNode(ExtentTest.java:133)
	at com.aventstack.extentreports.ExtentTest.createNode(ExtentTest.java:195)
	at com.cucumber.listener.ExtentCucumberFormatter.scenarioOutline(ExtentCucumberFormatter.java:105)
	at cucumber.runtime.Utils$1.call(Utils.java:40)
	at cucumber.runtime.Timeout.timeout(Timeout.java:16)
	at cucumber.runtime.Utils.invoke(Utils.java:34)
	at cucumber.runtime.RuntimeOptions$1.invoke(RuntimeOptions.java:294)
	at com.sun.proxy.$Proxy14.scenarioOutline(Unknown Source)
	at gherkin.formatter.model.ScenarioOutline.replay(ScenarioOutline.java:18)
	at cucumber.runtime.model.StepContainer.format(StepContainer.java:31)
	at cucumber.runtime.model.CucumberScenarioOutline.formatOutlineScenario(CucumberScenarioOutline.java:52)
	at cucumber.runtime.model.CucumberScenarioOutline.run(CucumberScenarioOutline.java:41)
	at cucumber.runtime.model.CucumberFeature.run(CucumberFeature.java:165)
	at cucumber.api.testng.TestNGCucumberRunner.runCucumber(TestNGCucumberRunner.java:63)
	at cucumber.api.testng.AbstractTestNGCucumberTests.feature(AbstractTestNGCucumberTests.java:21)
... Removed 28 stack frames]]>
    </failure>
  </testcase> <!-- feature -->
  <testcase name="feature" time="0.002" classname="Runners.RegresRunner">
    <failure type="java.lang.IllegalArgumentException" message="nodeName cannot be null or empty">
      <![CDATA[java.lang.IllegalArgumentException: nodeName cannot be null or empty
	at com.aventstack.extentreports.ExtentTest.createNode(ExtentTest.java:133)
	at com.aventstack.extentreports.ExtentTest.createNode(ExtentTest.java:195)
	at com.cucumber.listener.ExtentCucumberFormatter.scenarioOutline(ExtentCucumberFormatter.java:105)
	at cucumber.runtime.Utils$1.call(Utils.java:40)
	at cucumber.runtime.Timeout.timeout(Timeout.java:16)
	at cucumber.runtime.Utils.invoke(Utils.java:34)
	at cucumber.runtime.RuntimeOptions$1.invoke(RuntimeOptions.java:294)
	at com.sun.proxy.$Proxy14.scenarioOutline(Unknown Source)
	at gherkin.formatter.model.ScenarioOutline.replay(ScenarioOutline.java:18)
	at cucumber.runtime.model.StepContainer.format(StepContainer.java:31)
	at cucumber.runtime.model.CucumberScenarioOutline.formatOutlineScenario(CucumberScenarioOutline.java:52)
	at cucumber.runtime.model.CucumberScenarioOutline.run(CucumberScenarioOutline.java:41)
	at cucumber.runtime.model.CucumberFeature.run(CucumberFeature.java:165)
	at cucumber.api.testng.TestNGCucumberRunner.runCucumber(TestNGCucumberRunner.java:63)
	at cucumber.api.testng.AbstractTestNGCucumberTests.feature(AbstractTestNGCucumberTests.java:21)
... Removed 28 stack frames]]>
    </failure>
  </testcase> <!-- feature -->
</testsuite> <!-- Regres -->
